<?xml version="1.0" encoding="UTF-8"?>
<!-- Generated by org.testng.reporters.JUnitXMLReporter -->
<testsuite ignored="0" hostname="inbl01lap5380" failures="0" tests="6" name="Test" time="31.529" errors="0" timestamp="17 Feb 2022 03:51:55 GMT">
  <testcase classname="TestCase" name="Negative_Test" time="7.887"/>
  <testcase classname="TestCase" name="Test" time="11.988"/>
  <testcase classname="TestCase" name="vacancy" time="3.426"/>
  <testcase classname="TestCase" name="addvacancy" time="3.469"/>
  <testcase classname="TestCase" name="candidate" time="4.067"/>
  <testcase classname="TestCase" name="VerifyCandidate" time="0.593"/>
</testsuite> <!-- Test -->
