<?xml version="1.0" encoding="UTF-8"?>
<!-- Generated by org.testng.reporters.JUnitXMLReporter -->
<testsuite ignored="0" hostname="inbl01lap5380" failures="0" tests="4" name="Default test" time="13.712" errors="0" timestamp="2022-02-18T18:22:12 IST">
  <testcase classname="TestCases.TestCase_Mrs" name="Sign_in" time="2.181"/>
  <testcase classname="TestCases.TestCase_Mrs" name="HomePage" time="0.046"/>
  <testcase classname="TestCases.TestCase_Mrs" name="AppointmentScheduling" time="4.051"/>
  <testcase classname="TestCases.TestCase_Mrs" name="CaptureVitals" time="7.316"/>
</testsuite> <!-- Default test -->
