<?xml version="1.0" encoding="UTF-8"?>
<!-- Generated by org.testng.reporters.JUnitXMLReporter -->
<testsuite ignored="1" hostname="inbl01lap5380" failures="0" tests="4" name="Default test" time="22.195" errors="0" timestamp="15 Feb 2022 03:17:14 GMT">
  <testcase classname="TestCase" name="Test" time="12.779"/>
  <testcase classname="TestCase" name="vacancy" time="3.454"/>
  <testcase classname="TestCase" name="addvacancy" time="2.866"/>
  <testcase classname="TestCase" name="candidate" time="3.05"/>
  <testcase classname="TestCase" name="Negative_Test" time="0.0">
    <ignored/>
  </testcase> <!-- Negative_Test -->
</testsuite> <!-- Default test -->
