<?xml version="1.0" encoding="UTF-8"?>
<!-- Generated by org.testng.reporters.JUnitXMLReporter -->
<testsuite ignored="0" hostname="inbl01lap5380" failures="0" tests="6" name="Default test" time="31.801" errors="0" timestamp="15 Feb 2022 16:58:23 GMT">
  <testcase classname="TestCase" name="Negative_Test" time="7.896"/>
  <testcase classname="TestCase" name="Test" time="10.524"/>
  <testcase classname="TestCase" name="vacancy" time="4.699"/>
  <testcase classname="TestCase" name="addvacancy" time="3.648"/>
  <testcase classname="TestCase" name="candidate" time="4.262"/>
  <testcase classname="TestCase" name="VerifyCandidate" time="0.675"/>
</testsuite> <!-- Default test -->
