<?xml version="1.0" encoding="UTF-8"?>
<testng-results ignored="0" total="1" passed="1" failed="0" skipped="0">
  <reporter-output>
  </reporter-output>
  <suite started-at="2022-02-18T19:50:58 IST" name="Default suite" finished-at="2022-02-18T19:51:01 IST" duration-ms="3233">
    <groups>
    </groups>
    <test started-at="2022-02-18T19:50:58 IST" name="Default test" finished-at="2022-02-18T19:51:01 IST" duration-ms="3233">
      <class name="GetRequest.Project_GetRequest">
        <test-method signature="Get_Request()[pri:0, instance:GetRequest.Project_GetRequest@3232a28a]" started-at="2022-02-18T19:50:58 IST" name="Get_Request" finished-at="2022-02-18T19:51:01 IST" duration-ms="3192" status="PASS">
          <reporter-output>
          </reporter-output>
        </test-method> <!-- Get_Request -->
      </class> <!-- GetRequest.Project_GetRequest -->
    </test> <!-- Default test -->
  </suite> <!-- Default suite -->
</testng-results>
