<?xml version="1.0" encoding="UTF-8"?>
<testng-results ignored="1" total="5" passed="4" failed="0" skipped="0">
  <reporter-output>
  </reporter-output>
  <suite started-at="2022-02-15T03:16:51Z" name="Default suite" finished-at="2022-02-15T03:17:13Z" duration-ms="22195">
    <groups>
    </groups>
    <test started-at="2022-02-15T03:16:51Z" name="Default test" finished-at="2022-02-15T03:17:13Z" duration-ms="22195">
      <class name="TestCase">
        <test-method is-config="true" signature="SetUp()[pri:0, instance:TestCase@19835e64]" started-at="2022-02-15T03:16:43Z" name="SetUp" finished-at="2022-02-15T03:16:51Z" duration-ms="8617" status="PASS">
          <reporter-output>
          </reporter-output>
        </test-method> <!-- SetUp -->
        <test-method is-config="true" signature="BeforeTest()[pri:0, instance:TestCase@19835e64]" started-at="2022-02-15T03:16:51Z" name="BeforeTest" finished-at="2022-02-15T03:16:51Z" duration-ms="16" status="PASS">
          <reporter-output>
          </reporter-output>
        </test-method> <!-- BeforeTest -->
        <test-method signature="Test()[pri:0, instance:TestCase@19835e64]" started-at="2022-02-15T03:16:51Z" name="Test" finished-at="2022-02-15T03:17:04Z" duration-ms="12779" status="PASS">
          <reporter-output>
          </reporter-output>
        </test-method> <!-- Test -->
        <test-method is-config="true" signature="BeforeTest()[pri:0, instance:TestCase@19835e64]" started-at="2022-02-15T03:17:04Z" name="BeforeTest" finished-at="2022-02-15T03:17:04Z" duration-ms="3" status="PASS">
          <reporter-output>
          </reporter-output>
        </test-method> <!-- BeforeTest -->
        <test-method signature="vacancy()[pri:0, instance:TestCase@19835e64]" started-at="2022-02-15T03:17:04Z" name="vacancy" finished-at="2022-02-15T03:17:08Z" depends-on-methods="TestCase.Test" duration-ms="3454" status="PASS">
          <reporter-output>
          </reporter-output>
        </test-method> <!-- vacancy -->
        <test-method is-config="true" signature="BeforeTest()[pri:0, instance:TestCase@19835e64]" started-at="2022-02-15T03:17:08Z" name="BeforeTest" finished-at="2022-02-15T03:17:08Z" duration-ms="3" status="PASS">
          <reporter-output>
          </reporter-output>
        </test-method> <!-- BeforeTest -->
        <test-method signature="addvacancy()[pri:0, instance:TestCase@19835e64]" started-at="2022-02-15T03:17:08Z" name="addvacancy" finished-at="2022-02-15T03:17:10Z" depends-on-methods="TestCase.vacancy" duration-ms="2866" status="PASS">
          <reporter-output>
          </reporter-output>
        </test-method> <!-- addvacancy -->
        <test-method is-config="true" signature="BeforeTest()[pri:0, instance:TestCase@19835e64]" started-at="2022-02-15T03:17:10Z" name="BeforeTest" finished-at="2022-02-15T03:17:10Z" duration-ms="4" status="PASS">
          <reporter-output>
          </reporter-output>
        </test-method> <!-- BeforeTest -->
        <test-method signature="candidate()[pri:0, instance:TestCase@19835e64]" started-at="2022-02-15T03:17:10Z" name="candidate" finished-at="2022-02-15T03:17:13Z" depends-on-methods="TestCase.addvacancy" duration-ms="3050" status="PASS">
          <reporter-output>
          </reporter-output>
        </test-method> <!-- candidate -->
      </class> <!-- TestCase -->
    </test> <!-- Default test -->
  </suite> <!-- Default suite -->
</testng-results>
