<?xml version="1.0" encoding="UTF-8"?>
<testng-results ignored="0" total="4" passed="4" failed="0" skipped="0">
  <reporter-output>
  </reporter-output>
  <suite started-at="2022-02-18T18:21:58 IST" name="Default suite" finished-at="2022-02-18T18:22:11 IST" duration-ms="13712">
    <groups>
    </groups>
    <test started-at="2022-02-18T18:21:58 IST" name="Default test" finished-at="2022-02-18T18:22:11 IST" duration-ms="13712">
      <class name="TestCases.TestCase_Mrs">
        <test-method is-config="true" signature="Launching_Browser()[pri:0, instance:TestCases.TestCase_Mrs@47caedad]" started-at="2022-02-18T18:21:47 IST" name="Launching_Browser" finished-at="2022-02-18T18:21:58 IST" duration-ms="10967" status="PASS">
          <reporter-output>
          </reporter-output>
        </test-method> <!-- Launching_Browser -->
        <test-method is-config="true" signature="BeforeTest()[pri:0, instance:TestCases.TestCase_Mrs@47caedad]" started-at="2022-02-18T18:21:58 IST" name="BeforeTest" finished-at="2022-02-18T18:21:58 IST" duration-ms="6" status="PASS">
          <reporter-output>
          </reporter-output>
        </test-method> <!-- BeforeTest -->
        <test-method signature="Sign_in()[pri:0, instance:TestCases.TestCase_Mrs@47caedad]" started-at="2022-02-18T18:21:58 IST" name="Sign_in" finished-at="2022-02-18T18:22:00 IST" duration-ms="2181" status="PASS">
          <reporter-output>
          </reporter-output>
        </test-method> <!-- Sign_in -->
        <test-method is-config="true" signature="BeforeTest()[pri:0, instance:TestCases.TestCase_Mrs@47caedad]" started-at="2022-02-18T18:22:00 IST" name="BeforeTest" finished-at="2022-02-18T18:22:00 IST" duration-ms="5" status="PASS">
          <reporter-output>
          </reporter-output>
        </test-method> <!-- BeforeTest -->
        <test-method signature="HomePage()[pri:0, instance:TestCases.TestCase_Mrs@47caedad]" started-at="2022-02-18T18:22:00 IST" name="HomePage" finished-at="2022-02-18T18:22:00 IST" depends-on-methods="TestCases.TestCase_Mrs.Sign_in" duration-ms="46" status="PASS">
          <reporter-output>
          </reporter-output>
        </test-method> <!-- HomePage -->
        <test-method is-config="true" signature="BeforeTest()[pri:0, instance:TestCases.TestCase_Mrs@47caedad]" started-at="2022-02-18T18:22:00 IST" name="BeforeTest" finished-at="2022-02-18T18:22:00 IST" duration-ms="3" status="PASS">
          <reporter-output>
          </reporter-output>
        </test-method> <!-- BeforeTest -->
        <test-method signature="AppointmentScheduling()[pri:0, instance:TestCases.TestCase_Mrs@47caedad]" started-at="2022-02-18T18:22:00 IST" name="AppointmentScheduling" finished-at="2022-02-18T18:22:04 IST" depends-on-methods="TestCases.TestCase_Mrs.HomePage" duration-ms="4051" status="PASS">
          <reporter-output>
          </reporter-output>
        </test-method> <!-- AppointmentScheduling -->
        <test-method is-config="true" signature="BeforeTest()[pri:0, instance:TestCases.TestCase_Mrs@47caedad]" started-at="2022-02-18T18:22:04 IST" name="BeforeTest" finished-at="2022-02-18T18:22:04 IST" duration-ms="5" status="PASS">
          <reporter-output>
          </reporter-output>
        </test-method> <!-- BeforeTest -->
        <test-method signature="CaptureVitals()[pri:0, instance:TestCases.TestCase_Mrs@47caedad]" started-at="2022-02-18T18:22:04 IST" name="CaptureVitals" finished-at="2022-02-18T18:22:11 IST" depends-on-methods="TestCases.TestCase_Mrs.AppointmentScheduling" duration-ms="7316" status="PASS">
          <reporter-output>
          </reporter-output>
        </test-method> <!-- CaptureVitals -->
      </class> <!-- TestCases.TestCase_Mrs -->
    </test> <!-- Default test -->
  </suite> <!-- Default suite -->
</testng-results>
